22RP02186/build/app/intermediates/manifest_merge_blame_file/release/processReleaseMainManifest/manifest-merger-blame-release-report.txt
1<?xml version="1.0" encoding="utf-8"?>
2<manifest xmlns:android="http://schemas.android.com/apk/res/android"
3    package="com.example.skillslinks"
4    android:versionCode="1"
5    android:versionName="1.0.0" >
6
7    <uses-sdk
8        android:minSdkVersion="23"
9        android:targetSdkVersion="35" />
10    <!--
11         Required to query activities that can process text, see:
12         https://developer.android.com/training/package-visibility and
13         https://developer.android.com/reference/android/content/Intent#ACTION_PROCESS_TEXT.
14
15         In particular, this is used by the Flutter engine in io.flutter.plugin.text.ProcessTextPlugin.
16    -->
17    <queries>
17-->src/main/AndroidManifest.xml:39:5-44:15
18        <intent>
18-->src/main/AndroidManifest.xml:40:9-43:18
19            <action android:name="android.intent.action.PROCESS_TEXT" />
19-->src/main/AndroidManifest.xml:41:13-72
19-->src/main/AndroidManifest.xml:41:21-70
20
21            <data android:mimeType="text/plain" />
21-->src/main/AndroidManifest.xml:42:13-50
21-->src/main/AndroidManifest.xml:42:19-48
22        </intent>
23    </queries>
24
25    <uses-permission android:name="android.permission.INTERNET" />
25-->[:firebase_messaging] AndroidManifest.xml:7:5-67
25-->[:firebase_messaging] AndroidManifest.xml:7:22-64
26    <uses-permission android:name="android.permission.WAKE_LOCK" />
26-->[:firebase_messaging] AndroidManifest.xml:8:5-68
26-->[:firebase_messaging] AndroidManifest.xml:8:22-65
27    <uses-permission android:name="android.permission.ACCESS_NETWORK_STATE" /> <!-- Permissions options for the `notification` group -->
27-->[:firebase_messaging] AndroidManifest.xml:9:5-79
27-->[:firebase_messaging] AndroidManifest.xml:9:22-76
28    <uses-permission android:name="android.permission.POST_NOTIFICATIONS" /> <!-- Required by older versions of Google Play services to create IID tokens -->
28-->[:firebase_messaging] AndroidManifest.xml:11:5-77
28-->[:firebase_messaging] AndroidManifest.xml:11:22-74
29    <uses-permission android:name="com.google.android.c2dm.permission.RECEIVE" />
29-->[com.google.firebase:firebase-messaging:24.1.2] AndroidManifest.xml:26:5-82
29-->[com.google.firebase:firebase-messaging:24.1.2] AndroidManifest.xml:26:22-79
30    <uses-permission android:name="com.google.android.gms.permission.AD_ID" />
30-->[com.google.android.gms:play-services-measurement-api:22.5.0] AndroidManifest.xml:25:5-79
30-->[com.google.android.gms:play-services-measurement-api:22.5.0] AndroidManifest.xml:25:22-76
31    <uses-permission android:name="android.permission.ACCESS_ADSERVICES_ATTRIBUTION" />
31-->[com.google.android.gms:play-services-measurement-api:22.5.0] AndroidManifest.xml:26:5-88
31-->[com.google.android.gms:play-services-measurement-api:22.5.0] AndroidManifest.xml:26:22-85
32    <uses-permission android:name="android.permission.ACCESS_ADSERVICES_AD_ID" />
32-->[com.google.android.gms:play-services-measurement-api:22.5.0] AndroidManifest.xml:27:5-82
32-->[com.google.android.gms:play-services-measurement-api:22.5.0] AndroidManifest.xml:27:22-79
33    <uses-permission android:name="com.google.android.finsky.permission.BIND_GET_INSTALL_REFERRER_SERVICE" />
33-->[com.google.android.gms:play-services-measurement:22.5.0] AndroidManifest.xml:26:5-110
33-->[com.google.android.gms:play-services-measurement:22.5.0] AndroidManifest.xml:26:22-107
34    <uses-permission android:name="com.google.android.providers.gsf.permission.READ_GSERVICES" />
34-->[com.google.android.recaptcha:recaptcha:18.6.1] AndroidManifest.xml:9:5-98
34-->[com.google.android.recaptcha:recaptcha:18.6.1] AndroidManifest.xml:9:22-95
35
36    <permission
36-->[androidx.core:core:1.13.1] AndroidManifest.xml:22:5-24:47
37        android:name="com.example.skillslinks.DYNAMIC_RECEIVER_NOT_EXPORTED_PERMISSION"
37-->[androidx.core:core:1.13.1] AndroidManifest.xml:23:9-81
38        android:protectionLevel="signature" />
38-->[androidx.core:core:1.13.1] AndroidManifest.xml:24:9-44
39
40    <uses-permission android:name="com.example.skillslinks.DYNAMIC_RECEIVER_NOT_EXPORTED_PERMISSION" />
40-->[androidx.core:core:1.13.1] AndroidManifest.xml:26:5-97
40-->[androidx.core:core:1.13.1] AndroidManifest.xml:26:22-94
41
42    <application
43        android:name="android.app.Application"
43-->src/main/AndroidManifest.xml:4:9-42
44        android:appComponentFactory="androidx.core.app.CoreComponentFactory"
44-->[androidx.core:core:1.13.1] AndroidManifest.xml:28:18-86
45        android:extractNativeLibs="false"
46        android:icon="@mipmap/ic_launcher"
46-->src/main/AndroidManifest.xml:5:9-43
47        android:label="skillslinks" >
47-->src/main/AndroidManifest.xml:3:9-36
48        <activity
48-->src/main/AndroidManifest.xml:6:9-27:20
49            android:name="com.example.skillslinks.MainActivity"
49-->src/main/AndroidManifest.xml:7:13-41
50            android:configChanges="orientation|keyboardHidden|keyboard|screenSize|smallestScreenSize|locale|layoutDirection|fontScale|screenLayout|density|uiMode"
50-->src/main/AndroidManifest.xml:12:13-163
51            android:exported="true"
51-->src/main/AndroidManifest.xml:8:13-36
52            android:hardwareAccelerated="true"
52-->src/main/AndroidManifest.xml:13:13-47
53            android:launchMode="singleTop"
53-->src/main/AndroidManifest.xml:9:13-43
54            android:taskAffinity=""
54-->src/main/AndroidManifest.xml:10:13-36
55            android:theme="@style/LaunchTheme"
55-->src/main/AndroidManifest.xml:11:13-47
56            android:windowSoftInputMode="adjustResize" >
56-->src/main/AndroidManifest.xml:14:13-55
57
58            <!--
59                 Specifies an Android theme to apply to this Activity as soon as
60                 the Android process has started. This theme is visible to the user
61                 while the Flutter UI initializes. After that, this theme continues
62                 to determine the Window background behind the Flutter UI.
63            -->
64            <meta-data
64-->src/main/AndroidManifest.xml:19:13-22:17
65                android:name="io.flutter.embedding.android.NormalTheme"
65-->src/main/AndroidManifest.xml:20:15-70
66                android:resource="@style/NormalTheme" />
66-->src/main/AndroidManifest.xml:21:15-52
67
68            <intent-filter>
68-->src/main/AndroidManifest.xml:23:13-26:29
69                <action android:name="android.intent.action.MAIN" />
69-->src/main/AndroidManifest.xml:24:17-68
69-->src/main/AndroidManifest.xml:24:25-66
70
71                <category android:name="android.intent.category.LAUNCHER" />
71-->src/main/AndroidManifest.xml:25:17-76
71-->src/main/AndroidManifest.xml:25:27-74
72            </intent-filter>
73        </activity>
74        <!--
75             Don't delete the meta-data below.
76             This is used by the Flutter tool to generate GeneratedPluginRegistrant.java
77        -->
78        <meta-data
78-->src/main/AndroidManifest.xml:30:9-32:33
79            android:name="flutterEmbedding"
79-->src/main/AndroidManifest.xml:31:13-44
80            android:value="2" />
80-->src/main/AndroidManifest.xml:32:13-30
81
82        <service
82-->[:cloud_firestore] AndroidManifest.xml:8:9-12:19
83            android:name="com.google.firebase.components.ComponentDiscoveryService"
83-->[:cloud_firestore] AndroidManifest.xml:8:18-89
84            android:directBootAware="true"
84-->[com.google.firebase:firebase-common:21.0.0] AndroidManifest.xml:32:13-43
85            android:exported="false" >
85-->[com.google.firebase:firebase-firestore:25.1.4] AndroidManifest.xml:16:13-37
86            <meta-data
86-->[:cloud_firestore] AndroidManifest.xml:9:13-11:85
87                android:name="com.google.firebase.components:io.flutter.plugins.firebase.firestore.FlutterFirebaseFirestoreRegistrar"
87-->[:cloud_firestore] AndroidManifest.xml:10:17-134
88                android:value="com.google.firebase.components.ComponentRegistrar" />
88-->[:cloud_firestore] AndroidManifest.xml:11:17-82
89            <meta-data
89-->[:firebase_auth] AndroidManifest.xml:9:13-11:85
90                android:name="com.google.firebase.components:io.flutter.plugins.firebase.auth.FlutterFirebaseAuthRegistrar"
90-->[:firebase_auth] AndroidManifest.xml:10:17-124
91                android:value="com.google.firebase.components.ComponentRegistrar" />
91-->[:firebase_auth] AndroidManifest.xml:11:17-82
92            <meta-data
92-->[:firebase_messaging] AndroidManifest.xml:36:13-38:85
93                android:name="com.google.firebase.components:io.flutter.plugins.firebase.messaging.FlutterFirebaseAppRegistrar"
93-->[:firebase_messaging] AndroidManifest.xml:37:17-128
94                android:value="com.google.firebase.components.ComponentRegistrar" />
94-->[:firebase_messaging] AndroidManifest.xml:38:17-82
95            <meta-data
95-->[:firebase_storage] AndroidManifest.xml:9:13-11:85
96                android:name="com.google.firebase.components:io.flutter.plugins.firebase.storage.FlutterFirebaseAppRegistrar"
96-->[:firebase_storage] AndroidManifest.xml:10:17-126
97                android:value="com.google.firebase.components.ComponentRegistrar" />
97-->[:firebase_storage] AndroidManifest.xml:11:17-82
98            <meta-data
98-->[:firebase_core] AndroidManifest.xml:9:13-11:85
99                android:name="com.google.firebase.components:io.flutter.plugins.firebase.core.FlutterFirebaseCoreRegistrar"
99-->[:firebase_core] AndroidManifest.xml:10:17-124
100                android:value="com.google.firebase.components.ComponentRegistrar" />
100-->[:firebase_core] AndroidManifest.xml:11:17-82
101            <meta-data
101-->[com.google.firebase:firebase-firestore:25.1.4] AndroidManifest.xml:17:13-19:85
102                android:name="com.google.firebase.components:com.google.firebase.firestore.FirebaseFirestoreKtxRegistrar"
102-->[com.google.firebase:firebase-firestore:25.1.4] AndroidManifest.xml:18:17-122
103                android:value="com.google.firebase.components.ComponentRegistrar" />
103-->[com.google.firebase:firebase-firestore:25.1.4] AndroidManifest.xml:19:17-82
104            <meta-data
104-->[com.google.firebase:firebase-firestore:25.1.4] AndroidManifest.xml:20:13-22:85
105                android:name="com.google.firebase.components:com.google.firebase.firestore.FirestoreRegistrar"
105-->[com.google.firebase:firebase-firestore:25.1.4] AndroidManifest.xml:21:17-111
106                android:value="com.google.firebase.components.ComponentRegistrar" />
106-->[com.google.firebase:firebase-firestore:25.1.4] AndroidManifest.xml:22:17-82
107            <meta-data
107-->[com.google.firebase:firebase-auth:23.2.1] AndroidManifest.xml:69:13-71:85
108                android:name="com.google.firebase.components:com.google.firebase.auth.FirebaseAuthRegistrar"
108-->[com.google.firebase:firebase-auth:23.2.1] AndroidManifest.xml:70:17-109
109                android:value="com.google.firebase.components.ComponentRegistrar" />
109-->[com.google.firebase:firebase-auth:23.2.1] AndroidManifest.xml:71:17-82
110            <meta-data
110-->[com.google.firebase:firebase-messaging:24.1.2] AndroidManifest.xml:57:13-59:85
111                android:name="com.google.firebase.components:com.google.firebase.messaging.FirebaseMessagingKtxRegistrar"
111-->[com.google.firebase:firebase-messaging:24.1.2] AndroidManifest.xml:58:17-122
112                android:value="com.google.firebase.components.ComponentRegistrar" />
112-->[com.google.firebase:firebase-messaging:24.1.2] AndroidManifest.xml:59:17-82
113            <meta-data
113-->[com.google.firebase:firebase-messaging:24.1.2] AndroidManifest.xml:60:13-62:85
114                android:name="com.google.firebase.components:com.google.firebase.messaging.FirebaseMessagingRegistrar"
114-->[com.google.firebase:firebase-messaging:24.1.2] AndroidManifest.xml:61:17-119
115                android:value="com.google.firebase.components.ComponentRegistrar" />
115-->[com.google.firebase:firebase-messaging:24.1.2] AndroidManifest.xml:62:17-82
116            <meta-data
116-->[com.google.firebase:firebase-storage:21.0.2] AndroidManifest.xml:30:13-32:85
117                android:name="com.google.firebase.components:com.google.firebase.storage.FirebaseStorageKtxRegistrar"
117-->[com.google.firebase:firebase-storage:21.0.2] AndroidManifest.xml:31:17-118
118                android:value="com.google.firebase.components.ComponentRegistrar" />
118-->[com.google.firebase:firebase-storage:21.0.2] AndroidManifest.xml:32:17-82
119            <meta-data
119-->[com.google.firebase:firebase-storage:21.0.2] AndroidManifest.xml:33:13-35:85
120                android:name="com.google.firebase.components:com.google.firebase.storage.StorageRegistrar"
120-->[com.google.firebase:firebase-storage:21.0.2] AndroidManifest.xml:34:17-107
121                android:value="com.google.firebase.components.ComponentRegistrar" />
121-->[com.google.firebase:firebase-storage:21.0.2] AndroidManifest.xml:35:17-82
122            <meta-data
122-->[com.google.android.gms:play-services-measurement-api:22.5.0] AndroidManifest.xml:33:13-35:85
123                android:name="com.google.firebase.components:com.google.firebase.analytics.connector.internal.AnalyticsConnectorRegistrar"
123-->[com.google.android.gms:play-services-measurement-api:22.5.0] AndroidManifest.xml:34:17-139
124                android:value="com.google.firebase.components.ComponentRegistrar" />
124-->[com.google.android.gms:play-services-measurement-api:22.5.0] AndroidManifest.xml:35:17-82
125            <meta-data
125-->[com.google.firebase:firebase-installations:18.0.0] AndroidManifest.xml:15:13-17:85
126                android:name="com.google.firebase.components:com.google.firebase.installations.FirebaseInstallationsKtxRegistrar"
126-->[com.google.firebase:firebase-installations:18.0.0] AndroidManifest.xml:16:17-130
127                android:value="com.google.firebase.components.ComponentRegistrar" />
127-->[com.google.firebase:firebase-installations:18.0.0] AndroidManifest.xml:17:17-82
128            <meta-data
128-->[com.google.firebase:firebase-installations:18.0.0] AndroidManifest.xml:18:13-20:85
129                android:name="com.google.firebase.components:com.google.firebase.installations.FirebaseInstallationsRegistrar"
129-->[com.google.firebase:firebase-installations:18.0.0] AndroidManifest.xml:19:17-127
130                android:value="com.google.firebase.components.ComponentRegistrar" />
130-->[com.google.firebase:firebase-installations:18.0.0] AndroidManifest.xml:20:17-82
131            <meta-data
131-->[com.google.firebase:firebase-appcheck:18.0.0] AndroidManifest.xml:25:13-27:85
132                android:name="com.google.firebase.components:com.google.firebase.appcheck.FirebaseAppCheckKtxRegistrar"
132-->[com.google.firebase:firebase-appcheck:18.0.0] AndroidManifest.xml:26:17-120
133                android:value="com.google.firebase.components.ComponentRegistrar" />
133-->[com.google.firebase:firebase-appcheck:18.0.0] AndroidManifest.xml:27:17-82
134            <meta-data
134-->[com.google.firebase:firebase-appcheck:18.0.0] AndroidManifest.xml:28:13-30:85
135                android:name="com.google.firebase.components:com.google.firebase.appcheck.FirebaseAppCheckRegistrar"
135-->[com.google.firebase:firebase-appcheck:18.0.0] AndroidManifest.xml:29:17-117
136                android:value="com.google.firebase.components.ComponentRegistrar" />
136-->[com.google.firebase:firebase-appcheck:18.0.0] AndroidManifest.xml:30:17-82
137            <meta-data
137-->[com.google.firebase:firebase-common-ktx:21.0.0] AndroidManifest.xml:12:13-14:85
138                android:name="com.google.firebase.components:com.google.firebase.ktx.FirebaseCommonLegacyRegistrar"
138-->[com.google.firebase:firebase-common-ktx:21.0.0] AndroidManifest.xml:13:17-116
139                android:value="com.google.firebase.components.ComponentRegistrar" />
139-->[com.google.firebase:firebase-common-ktx:21.0.0] AndroidManifest.xml:14:17-82
140            <meta-data
140-->[com.google.firebase:firebase-common:21.0.0] AndroidManifest.xml:35:13-37:85
141                android:name="com.google.firebase.components:com.google.firebase.FirebaseCommonKtxRegistrar"
141-->[com.google.firebase:firebase-common:21.0.0] AndroidManifest.xml:36:17-109
142                android:value="com.google.firebase.components.ComponentRegistrar" />
142-->[com.google.firebase:firebase-common:21.0.0] AndroidManifest.xml:37:17-82
143            <meta-data
143-->[com.google.firebase:firebase-datatransport:18.2.0] AndroidManifest.xml:25:13-27:85
144                android:name="com.google.firebase.components:com.google.firebase.datatransport.TransportRegistrar"
144-->[com.google.firebase:firebase-datatransport:18.2.0] AndroidManifest.xml:26:17-115
145                android:value="com.google.firebase.components.ComponentRegistrar" />
145-->[com.google.firebase:firebase-datatransport:18.2.0] AndroidManifest.xml:27:17-82
146        </service>
147        <service
147-->[:firebase_messaging] AndroidManifest.xml:14:9-17:72
148            android:name="io.flutter.plugins.firebase.messaging.FlutterFirebaseMessagingBackgroundService"
148-->[:firebase_messaging] AndroidManifest.xml:15:13-107
149            android:exported="false"
149-->[:firebase_messaging] AndroidManifest.xml:16:13-37
150            android:permission="android.permission.BIND_JOB_SERVICE" />
150-->[:firebase_messaging] AndroidManifest.xml:17:13-69
151        <service
151-->[:firebase_messaging] AndroidManifest.xml:18:9-24:19
152            android:name="io.flutter.plugins.firebase.messaging.FlutterFirebaseMessagingService"
152-->[:firebase_messaging] AndroidManifest.xml:19:13-97
153            android:exported="false" >
153-->[:firebase_messaging] AndroidManifest.xml:20:13-37
154            <intent-filter>
154-->[:firebase_messaging] AndroidManifest.xml:21:13-23:29
155                <action android:name="com.google.firebase.MESSAGING_EVENT" />
155-->[:firebase_messaging] AndroidManifest.xml:22:17-78
155-->[:firebase_messaging] AndroidManifest.xml:22:25-75
156            </intent-filter>
157        </service>
158
159        <receiver
159-->[:firebase_messaging] AndroidManifest.xml:26:9-33:20
160            android:name="io.flutter.plugins.firebase.messaging.FlutterFirebaseMessagingReceiver"
160-->[:firebase_messaging] AndroidManifest.xml:27:13-98
161            android:exported="true"
161-->[:firebase_messaging] AndroidManifest.xml:28:13-36
162            android:permission="com.google.android.c2dm.permission.SEND" >
162-->[:firebase_messaging] AndroidManifest.xml:29:13-73
163            <intent-filter>
163-->[:firebase_messaging] AndroidManifest.xml:30:13-32:29
164                <action android:name="com.google.android.c2dm.intent.RECEIVE" />
164-->[:firebase_messaging] AndroidManifest.xml:31:17-81
164-->[:firebase_messaging] AndroidManifest.xml:31:25-78
165            </intent-filter>
166        </receiver>
167
168        <provider
168-->[:firebase_messaging] AndroidManifest.xml:41:9-45:38
169            android:name="io.flutter.plugins.firebase.messaging.FlutterFirebaseMessagingInitProvider"
169-->[:firebase_messaging] AndroidManifest.xml:42:13-102
170            android:authorities="com.example.skillslinks.flutterfirebasemessaginginitprovider"
170-->[:firebase_messaging] AndroidManifest.xml:43:13-88
171            android:exported="false"
171-->[:firebase_messaging] AndroidManifest.xml:44:13-37
172            android:initOrder="99" />
172-->[:firebase_messaging] AndroidManifest.xml:45:13-35
173
174        <activity
174-->[com.google.firebase:firebase-auth:23.2.1] AndroidManifest.xml:29:9-46:20
175            android:name="com.google.firebase.auth.internal.GenericIdpActivity"
175-->[com.google.firebase:firebase-auth:23.2.1] AndroidManifest.xml:30:13-80
176            android:excludeFromRecents="true"
176-->[com.google.firebase:firebase-auth:23.2.1] AndroidManifest.xml:31:13-46
177            android:exported="true"
177-->[com.google.firebase:firebase-auth:23.2.1] AndroidManifest.xml:32:13-36
178            android:launchMode="singleTask"
178-->[com.google.firebase:firebase-auth:23.2.1] AndroidManifest.xml:33:13-44
179            android:theme="@android:style/Theme.Translucent.NoTitleBar" >
179-->[com.google.firebase:firebase-auth:23.2.1] AndroidManifest.xml:34:13-72
180            <intent-filter>
180-->[com.google.firebase:firebase-auth:23.2.1] AndroidManifest.xml:35:13-45:29
181                <action android:name="android.intent.action.VIEW" />
181-->[com.google.firebase:firebase-auth:23.2.1] AndroidManifest.xml:36:17-69
181-->[com.google.firebase:firebase-auth:23.2.1] AndroidManifest.xml:36:25-66
182
183                <category android:name="android.intent.category.DEFAULT" />
183-->[com.google.firebase:firebase-auth:23.2.1] AndroidManifest.xml:38:17-76
183-->[com.google.firebase:firebase-auth:23.2.1] AndroidManifest.xml:38:27-73
184                <category android:name="android.intent.category.BROWSABLE" />
184-->[com.google.firebase:firebase-auth:23.2.1] AndroidManifest.xml:39:17-78
184-->[com.google.firebase:firebase-auth:23.2.1] AndroidManifest.xml:39:27-75
185
186                <data
186-->src/main/AndroidManifest.xml:42:13-50
187                    android:host="firebase.auth"
188                    android:path="/"
189                    android:scheme="genericidp" />
190            </intent-filter>
191        </activity>
192        <activity
192-->[com.google.firebase:firebase-auth:23.2.1] AndroidManifest.xml:47:9-64:20
193            android:name="com.google.firebase.auth.internal.RecaptchaActivity"
193-->[com.google.firebase:firebase-auth:23.2.1] AndroidManifest.xml:48:13-79
194            android:excludeFromRecents="true"
194-->[com.google.firebase:firebase-auth:23.2.1] AndroidManifest.xml:49:13-46
195            android:exported="true"
195-->[com.google.firebase:firebase-auth:23.2.1] AndroidManifest.xml:50:13-36
196            android:launchMode="singleTask"
196-->[com.google.firebase:firebase-auth:23.2.1] AndroidManifest.xml:51:13-44
197            android:theme="@android:style/Theme.Translucent.NoTitleBar" >
197-->[com.google.firebase:firebase-auth:23.2.1] AndroidManifest.xml:52:13-72
198            <intent-filter>
198-->[com.google.firebase:firebase-auth:23.2.1] AndroidManifest.xml:53:13-63:29
199                <action android:name="android.intent.action.VIEW" />
199-->[com.google.firebase:firebase-auth:23.2.1] AndroidManifest.xml:36:17-69
199-->[com.google.firebase:firebase-auth:23.2.1] AndroidManifest.xml:36:25-66
200
201                <category android:name="android.intent.category.DEFAULT" />
201-->[com.google.firebase:firebase-auth:23.2.1] AndroidManifest.xml:38:17-76
201-->[com.google.firebase:firebase-auth:23.2.1] AndroidManifest.xml:38:27-73
202                <category android:name="android.intent.category.BROWSABLE" />
202-->[com.google.firebase:firebase-auth:23.2.1] AndroidManifest.xml:39:17-78
202-->[com.google.firebase:firebase-auth:23.2.1] AndroidManifest.xml:39:27-75
203
204                <data
204-->src/main/AndroidManifest.xml:42:13-50
205                    android:host="firebase.auth"
206                    android:path="/"
207                    android:scheme="recaptcha" />
208            </intent-filter>
209        </activity>
210
211        <receiver
211-->[com.google.firebase:firebase-messaging:24.1.2] AndroidManifest.xml:29:9-40:20
212            android:name="com.google.firebase.iid.FirebaseInstanceIdReceiver"
212-->[com.google.firebase:firebase-messaging:24.1.2] AndroidManifest.xml:30:13-78
213            android:exported="true"
213-->[com.google.firebase:firebase-messaging:24.1.2] AndroidManifest.xml:31:13-36
214            android:permission="com.google.android.c2dm.permission.SEND" >
214-->[com.google.firebase:firebase-messaging:24.1.2] AndroidManifest.xml:32:13-73
215            <intent-filter>
215-->[:firebase_messaging] AndroidManifest.xml:30:13-32:29
216                <action android:name="com.google.android.c2dm.intent.RECEIVE" />
216-->[:firebase_messaging] AndroidManifest.xml:31:17-81
216-->[:firebase_messaging] AndroidManifest.xml:31:25-78
217            </intent-filter>
218
219            <meta-data
219-->[com.google.firebase:firebase-messaging:24.1.2] AndroidManifest.xml:37:13-39:40
220                android:name="com.google.android.gms.cloudmessaging.FINISHED_AFTER_HANDLED"
220-->[com.google.firebase:firebase-messaging:24.1.2] AndroidManifest.xml:38:17-92
221                android:value="true" />
221-->[com.google.firebase:firebase-messaging:24.1.2] AndroidManifest.xml:39:17-37
222        </receiver>
223        <!--
224             FirebaseMessagingService performs security checks at runtime,
225             but set to not exported to explicitly avoid allowing another app to call it.
226        -->
227        <service
227-->[com.google.firebase:firebase-messaging:24.1.2] AndroidManifest.xml:46:9-53:19
228            android:name="com.google.firebase.messaging.FirebaseMessagingService"
228-->[com.google.firebase:firebase-messaging:24.1.2] AndroidManifest.xml:47:13-82
229            android:directBootAware="true"
229-->[com.google.firebase:firebase-messaging:24.1.2] AndroidManifest.xml:48:13-43
230            android:exported="false" >
230-->[com.google.firebase:firebase-messaging:24.1.2] AndroidManifest.xml:49:13-37
231            <intent-filter android:priority="-500" >
231-->[:firebase_messaging] AndroidManifest.xml:21:13-23:29
232                <action android:name="com.google.firebase.MESSAGING_EVENT" />
232-->[:firebase_messaging] AndroidManifest.xml:22:17-78
232-->[:firebase_messaging] AndroidManifest.xml:22:25-75
233            </intent-filter>
234        </service>
235
236        <provider
236-->[com.google.firebase:firebase-common:21.0.0] AndroidManifest.xml:23:9-28:39
237            android:name="com.google.firebase.provider.FirebaseInitProvider"
237-->[com.google.firebase:firebase-common:21.0.0] AndroidManifest.xml:24:13-77
238            android:authorities="com.example.skillslinks.firebaseinitprovider"
238-->[com.google.firebase:firebase-common:21.0.0] AndroidManifest.xml:25:13-72
239            android:directBootAware="true"
239-->[com.google.firebase:firebase-common:21.0.0] AndroidManifest.xml:26:13-43
240            android:exported="false"
240-->[com.google.firebase:firebase-common:21.0.0] AndroidManifest.xml:27:13-37
241            android:initOrder="100" />
241-->[com.google.firebase:firebase-common:21.0.0] AndroidManifest.xml:28:13-36
242        <provider
242-->[:image_picker_android] AndroidManifest.xml:9:9-17:20
243            android:name="io.flutter.plugins.imagepicker.ImagePickerFileProvider"
243-->[:image_picker_android] AndroidManifest.xml:10:13-82
244            android:authorities="com.example.skillslinks.flutter.image_provider"
244-->[:image_picker_android] AndroidManifest.xml:11:13-74
245            android:exported="false"
245-->[:image_picker_android] AndroidManifest.xml:12:13-37
246            android:grantUriPermissions="true" >
246-->[:image_picker_android] AndroidManifest.xml:13:13-47
247            <meta-data
247-->[:image_picker_android] AndroidManifest.xml:14:13-16:75
248                android:name="android.support.FILE_PROVIDER_PATHS"
248-->[:image_picker_android] AndroidManifest.xml:15:17-67
249                android:resource="@xml/flutter_image_picker_file_paths" />
249-->[:image_picker_android] AndroidManifest.xml:16:17-72
250        </provider> <!-- Trigger Google Play services to install the backported photo picker module. -->
251        <service
251-->[:image_picker_android] AndroidManifest.xml:19:9-31:19
252            android:name="com.google.android.gms.metadata.ModuleDependencies"
252-->[:image_picker_android] AndroidManifest.xml:20:13-78
253            android:enabled="false"
253-->[:image_picker_android] AndroidManifest.xml:21:13-36
254            android:exported="false" >
254-->[:image_picker_android] AndroidManifest.xml:22:13-37
255            <intent-filter>
255-->[:image_picker_android] AndroidManifest.xml:24:13-26:29
256                <action android:name="com.google.android.gms.metadata.MODULE_DEPENDENCIES" />
256-->[:image_picker_android] AndroidManifest.xml:25:17-94
256-->[:image_picker_android] AndroidManifest.xml:25:25-91
257            </intent-filter>
258
259            <meta-data
259-->[:image_picker_android] AndroidManifest.xml:28:13-30:36
260                android:name="photopicker_activity:0:required"
260-->[:image_picker_android] AndroidManifest.xml:29:17-63
261                android:value="" />
261-->[:image_picker_android] AndroidManifest.xml:30:17-33
262        </service>
263
264        <activity
264-->[:url_launcher_android] AndroidManifest.xml:8:9-11:74
265            android:name="io.flutter.plugins.urllauncher.WebViewActivity"
265-->[:url_launcher_android] AndroidManifest.xml:9:13-74
266            android:exported="false"
266-->[:url_launcher_android] AndroidManifest.xml:10:13-37
267            android:theme="@android:style/Theme.NoTitleBar.Fullscreen" />
267-->[:url_launcher_android] AndroidManifest.xml:11:13-71
268
269        <service
269-->[androidx.credentials:credentials-play-services-auth:1.2.0-rc01] AndroidManifest.xml:24:9-32:19
270            android:name="androidx.credentials.playservices.CredentialProviderMetadataHolder"
270-->[androidx.credentials:credentials-play-services-auth:1.2.0-rc01] AndroidManifest.xml:25:13-94
271            android:enabled="true"
271-->[androidx.credentials:credentials-play-services-auth:1.2.0-rc01] AndroidManifest.xml:26:13-35
272            android:exported="false" >
272-->[androidx.credentials:credentials-play-services-auth:1.2.0-rc01] AndroidManifest.xml:27:13-37
273            <meta-data
273-->[androidx.credentials:credentials-play-services-auth:1.2.0-rc01] AndroidManifest.xml:29:13-31:104
274                android:name="androidx.credentials.CREDENTIAL_PROVIDER_KEY"